2017-06-30 14:47:11,333 [Worker-7] INFO  c.g.t.t.d.PublishedGradleVersions - Gradle version information cache is up-to-date. Trying to read.
2017-06-30 14:48:25,904 [Worker-7] INFO  c.g.t.t.d.PublishedGradleVersions - Gradle version information cache is up-to-date. Trying to read.
2017-06-30 15:32:50,514 [Worker-15] INFO  o.e.m.c.i.e.AbstractTransferListenerAdapter - Downloaded https://repo.maven.apache.org/maven2/org/apache/maven/plugins/maven-war-plugin/2.3/maven-war-plugin-2.3.jar
2017-06-30 15:32:53,392 [Worker-15] INFO  o.e.m.c.i.l.LifecycleMappingFactory - Using org.eclipse.m2e.jdt.JarLifecycleMapping lifecycle mapping for MavenProject: BaseCodeSlice_BankManagementSystem:BaseCodeSlice_BankManagementSystem:0.0.1-SNAPSHOT @ D:\CTS-PROJ\BaseCodeSlice_MyAssessmentApplication\BaseCodeSlice_MyAssessmentApplication\pom.xml.
2017-06-30 15:32:54,574 [Worker-15] INFO  o.e.m.j.i.AbstractJavaProjectConfigurator - Adding source folder /BaseCodeSlice_BankManagementSystem/src
2017-06-30 15:32:54,574 [Worker-15] INFO  o.e.m.j.i.AbstractJavaProjectConfigurator - Resources folder /BaseCodeSlice_BankManagementSystem/src/main/resources overlaps with sources folder /BaseCodeSlice_BankManagementSystem/src
2017-06-30 15:32:54,575 [Worker-15] INFO  o.e.m.j.i.AbstractJavaProjectConfigurator - Not adding source folder /BaseCodeSlice_BankManagementSystem/src/test/java because it overlaps with /BaseCodeSlice_BankManagementSystem/src
2017-06-30 15:32:54,575 [Worker-15] INFO  o.e.m.j.i.AbstractJavaProjectConfigurator - Resources folder /BaseCodeSlice_BankManagementSystem/src/test/resources overlaps with sources folder /BaseCodeSlice_BankManagementSystem/src
2017-06-30 15:32:54,641 [Worker-15] INFO  o.e.m.c.i.p.ProjectConfigurationManager - Imported and configured 1 project(s) in 5 sec
2017-06-30 15:32:55,692 [Worker-1] WARN  o.e.m.c.i.embedder.EclipseLogger - Using platform encoding (Cp1252 actually) to copy filtered resources, i.e. build is platform dependent!
2017-06-30 15:32:55,700 [Worker-1] INFO  o.e.m.c.i.embedder.EclipseLogger - Copying 1 resource
2017-06-30 15:32:55,712 [Worker-1] WARN  o.e.m.c.i.embedder.EclipseLogger - Using platform encoding (Cp1252 actually) to copy filtered resources, i.e. build is platform dependent!
2017-06-30 15:32:55,713 [Worker-1] INFO  o.e.m.c.i.embedder.EclipseLogger - Copying 0 resource
2017-06-30 15:33:23,223 [Worker-21] WARN  o.e.m.c.i.embedder.EclipseLogger - Using platform encoding (Cp1252 actually) to copy filtered resources, i.e. build is platform dependent!
2017-06-30 15:33:23,225 [Worker-21] INFO  o.e.m.c.i.embedder.EclipseLogger - Copying 0 resource
2017-06-30 15:33:23,227 [Worker-21] WARN  o.e.m.c.i.embedder.EclipseLogger - Using platform encoding (Cp1252 actually) to copy filtered resources, i.e. build is platform dependent!
2017-06-30 15:33:23,228 [Worker-21] INFO  o.e.m.c.i.embedder.EclipseLogger - Copying 0 resource
2017-06-30 15:34:16,597 [Worker-17] INFO  o.e.m.c.i.l.LifecycleMappingFactory - Using org.eclipse.m2e.jdt.JarLifecycleMapping lifecycle mapping for MavenProject: BaseCodeSlice_BankManagementSystem:BaseCodeSlice_BankManagementSystem:0.0.1-SNAPSHOT @ D:\CTS-PROJ\BaseCodeSlice_MyAssessmentApplication\BaseCodeSlice_MyAssessmentApplication\pom.xml.
2017-06-30 15:34:16,731 [Worker-17] WARN  o.e.m.c.i.embedder.EclipseLogger - Using platform encoding (Cp1252 actually) to copy filtered resources, i.e. build is platform dependent!
2017-06-30 15:34:16,734 [Worker-17] INFO  o.e.m.c.i.embedder.EclipseLogger - Copying 0 resource
2017-06-30 15:34:16,738 [Worker-17] WARN  o.e.m.c.i.embedder.EclipseLogger - Using platform encoding (Cp1252 actually) to copy filtered resources, i.e. build is platform dependent!
2017-06-30 15:34:16,738 [Worker-17] INFO  o.e.m.c.i.embedder.EclipseLogger - Copying 0 resource
2017-06-30 15:36:29,369 [Worker-1] WARN  o.e.m.c.i.embedder.EclipseLogger - Using platform encoding (Cp1252 actually) to copy filtered resources, i.e. build is platform dependent!
2017-06-30 15:36:29,375 [Worker-1] INFO  o.e.m.c.i.embedder.EclipseLogger - Copying 1 resource
2017-06-30 15:36:29,382 [Worker-1] WARN  o.e.m.c.i.embedder.EclipseLogger - Using platform encoding (Cp1252 actually) to copy filtered resources, i.e. build is platform dependent!
2017-06-30 15:36:29,383 [Worker-1] INFO  o.e.m.c.i.embedder.EclipseLogger - Copying 0 resource
2017-06-30 15:36:53,619 [Worker-20] WARN  o.e.m.c.i.embedder.EclipseLogger - Using platform encoding (Cp1252 actually) to copy filtered resources, i.e. build is platform dependent!
2017-06-30 15:36:53,620 [Worker-20] INFO  o.e.m.c.i.embedder.EclipseLogger - Copying 1 resource
2017-06-30 15:36:53,621 [Worker-20] WARN  o.e.m.c.i.embedder.EclipseLogger - Using platform encoding (Cp1252 actually) to copy filtered resources, i.e. build is platform dependent!
2017-06-30 15:36:53,622 [Worker-20] INFO  o.e.m.c.i.embedder.EclipseLogger - Copying 0 resource
2017-06-30 15:41:52,344 [Worker-21] INFO  o.e.m.c.i.l.LifecycleMappingFactory - Using org.eclipse.m2e.jdt.JarLifecycleMapping lifecycle mapping for MavenProject: BaseCodeSlice_BankManagementSystem:BaseCodeSlice_BankManagementSystem:0.0.1-SNAPSHOT @ D:\CTS-PROJ\BaseCodeSlice_MyAssessmentApplication\BaseCodeSlice_MyAssessmentApplication\pom.xml.
2017-06-30 15:41:52,905 [Worker-21] INFO  o.e.m.c.i.e.AbstractTransferListenerAdapter - Downloading http://repo1.maven.org/maven2/org/springframework/spring-context/4.3.9.RELEASE/spring-context-4.3.9.RELEASE.pom
2017-06-30 15:41:53,186 [Worker-21] INFO  o.e.m.c.i.e.AbstractTransferListenerAdapter - Downloaded http://repo1.maven.org/maven2/org/springframework/spring-context/4.3.9.RELEASE/spring-context-4.3.9.RELEASE.pom
2017-06-30 15:41:53,440 [Worker-21] INFO  o.e.m.c.i.e.AbstractTransferListenerAdapter - Downloading http://repo1.maven.org/maven2/org/springframework/spring-aop/4.3.9.RELEASE/spring-aop-4.3.9.RELEASE.pom
2017-06-30 15:41:53,693 [Worker-21] INFO  o.e.m.c.i.e.AbstractTransferListenerAdapter - Downloaded http://repo1.maven.org/maven2/org/springframework/spring-aop/4.3.9.RELEASE/spring-aop-4.3.9.RELEASE.pom
2017-06-30 15:41:53,943 [Worker-21] INFO  o.e.m.c.i.e.AbstractTransferListenerAdapter - Downloading http://repo1.maven.org/maven2/org/springframework/spring-beans/4.3.9.RELEASE/spring-beans-4.3.9.RELEASE.pom
2017-06-30 15:41:54,193 [Worker-21] INFO  o.e.m.c.i.e.AbstractTransferListenerAdapter - Downloaded http://repo1.maven.org/maven2/org/springframework/spring-beans/4.3.9.RELEASE/spring-beans-4.3.9.RELEASE.pom
2017-06-30 15:41:54,447 [Worker-21] INFO  o.e.m.c.i.e.AbstractTransferListenerAdapter - Downloading http://repo1.maven.org/maven2/org/springframework/spring-core/4.3.9.RELEASE/spring-core-4.3.9.RELEASE.pom
2017-06-30 15:41:54,701 [Worker-21] INFO  o.e.m.c.i.e.AbstractTransferListenerAdapter - Downloaded http://repo1.maven.org/maven2/org/springframework/spring-core/4.3.9.RELEASE/spring-core-4.3.9.RELEASE.pom
2017-06-30 15:41:54,964 [Worker-21] INFO  o.e.m.c.i.e.AbstractTransferListenerAdapter - Downloading http://repo1.maven.org/maven2/commons-logging/commons-logging/1.2/commons-logging-1.2.pom
2017-06-30 15:41:55,462 [Worker-21] INFO  o.e.m.c.i.e.AbstractTransferListenerAdapter - Downloaded http://repo1.maven.org/maven2/commons-logging/commons-logging/1.2/commons-logging-1.2.pom
2017-06-30 15:41:55,710 [Worker-21] INFO  o.e.m.c.i.e.AbstractTransferListenerAdapter - Downloading http://repo1.maven.org/maven2/org/apache/commons/commons-parent/34/commons-parent-34.pom
2017-06-30 15:41:56,274 [Worker-21] INFO  o.e.m.c.i.e.AbstractTransferListenerAdapter - Downloaded http://repo1.maven.org/maven2/org/apache/commons/commons-parent/34/commons-parent-34.pom
2017-06-30 15:41:56,562 [Worker-21] INFO  o.e.m.c.i.e.AbstractTransferListenerAdapter - Downloading http://repo1.maven.org/maven2/org/springframework/spring-expression/4.3.9.RELEASE/spring-expression-4.3.9.RELEASE.pom
2017-06-30 15:41:56,823 [Worker-21] INFO  o.e.m.c.i.e.AbstractTransferListenerAdapter - Downloaded http://repo1.maven.org/maven2/org/springframework/spring-expression/4.3.9.RELEASE/spring-expression-4.3.9.RELEASE.pom
2017-06-30 15:41:57,101 [Worker-21] INFO  o.e.m.c.i.e.AbstractTransferListenerAdapter - Downloading http://repo1.maven.org/maven2/org/springframework/spring-context/4.3.9.RELEASE/spring-context-4.3.9.RELEASE.jar
2017-06-30 15:41:58,490 [Worker-21] INFO  o.e.m.c.i.e.AbstractTransferListenerAdapter - Downloaded http://repo1.maven.org/maven2/org/springframework/spring-context/4.3.9.RELEASE/spring-context-4.3.9.RELEASE.jar
2017-06-30 15:41:58,735 [Worker-21] INFO  o.e.m.c.i.e.AbstractTransferListenerAdapter - Downloading http://repo1.maven.org/maven2/org/springframework/spring-aop/4.3.9.RELEASE/spring-aop-4.3.9.RELEASE.jar
2017-06-30 15:41:59,034 [Worker-21] INFO  o.e.m.c.i.e.AbstractTransferListenerAdapter - Downloaded http://repo1.maven.org/maven2/org/springframework/spring-aop/4.3.9.RELEASE/spring-aop-4.3.9.RELEASE.jar
2017-06-30 15:41:59,275 [Worker-21] INFO  o.e.m.c.i.e.AbstractTransferListenerAdapter - Downloading http://repo1.maven.org/maven2/org/springframework/spring-beans/4.3.9.RELEASE/spring-beans-4.3.9.RELEASE.jar
2017-06-30 15:41:59,622 [Worker-21] INFO  o.e.m.c.i.e.AbstractTransferListenerAdapter - Downloaded http://repo1.maven.org/maven2/org/springframework/spring-beans/4.3.9.RELEASE/spring-beans-4.3.9.RELEASE.jar
2017-06-30 15:41:59,919 [Worker-21] INFO  o.e.m.c.i.e.AbstractTransferListenerAdapter - Downloading http://repo1.maven.org/maven2/org/springframework/spring-core/4.3.9.RELEASE/spring-core-4.3.9.RELEASE.jar
2017-06-30 15:42:00,522 [Worker-21] INFO  o.e.m.c.i.e.AbstractTransferListenerAdapter - Downloaded http://repo1.maven.org/maven2/org/springframework/spring-core/4.3.9.RELEASE/spring-core-4.3.9.RELEASE.jar
2017-06-30 15:42:00,762 [Worker-21] INFO  o.e.m.c.i.e.AbstractTransferListenerAdapter - Downloading http://repo1.maven.org/maven2/commons-logging/commons-logging/1.2/commons-logging-1.2.jar
2017-06-30 15:42:01,023 [Worker-21] INFO  o.e.m.c.i.e.AbstractTransferListenerAdapter - Downloaded http://repo1.maven.org/maven2/commons-logging/commons-logging/1.2/commons-logging-1.2.jar
2017-06-30 15:42:01,269 [Worker-21] INFO  o.e.m.c.i.e.AbstractTransferListenerAdapter - Downloading http://repo1.maven.org/maven2/org/springframework/spring-expression/4.3.9.RELEASE/spring-expression-4.3.9.RELEASE.jar
2017-06-30 15:42:01,556 [Worker-21] INFO  o.e.m.c.i.e.AbstractTransferListenerAdapter - Downloaded http://repo1.maven.org/maven2/org/springframework/spring-expression/4.3.9.RELEASE/spring-expression-4.3.9.RELEASE.jar
2017-06-30 15:42:03,039 [Worker-21] WARN  o.e.m.c.i.embedder.EclipseLogger - Using platform encoding (Cp1252 actually) to copy filtered resources, i.e. build is platform dependent!
2017-06-30 15:42:03,041 [Worker-21] INFO  o.e.m.c.i.embedder.EclipseLogger - Copying 0 resource
2017-06-30 15:42:03,043 [Worker-21] WARN  o.e.m.c.i.embedder.EclipseLogger - Using platform encoding (Cp1252 actually) to copy filtered resources, i.e. build is platform dependent!
2017-06-30 15:42:03,044 [Worker-21] INFO  o.e.m.c.i.embedder.EclipseLogger - Copying 0 resource
2017-06-30 15:42:04,330 [Worker-20] WARN  o.e.m.c.i.embedder.EclipseLogger - Using platform encoding (Cp1252 actually) to copy filtered resources, i.e. build is platform dependent!
2017-06-30 15:42:04,332 [Worker-20] INFO  o.e.m.c.i.embedder.EclipseLogger - Copying 1 resource
2017-06-30 15:42:04,342 [Worker-20] WARN  o.e.m.c.i.embedder.EclipseLogger - Using platform encoding (Cp1252 actually) to copy filtered resources, i.e. build is platform dependent!
2017-06-30 15:42:04,343 [Worker-20] INFO  o.e.m.c.i.embedder.EclipseLogger - Copying 0 resource
2017-06-30 17:05:17,401 [Worker-3] INFO  o.e.m.c.i.e.AbstractTransferListenerAdapter - Downloading http://repo1.maven.org/maven2/org/springframework/spring-context/4.3.9.RELEASE/spring-context-4.3.9.RELEASE.pom
2017-06-30 17:05:17,846 [Worker-3] INFO  o.e.m.c.i.e.AbstractTransferListenerAdapter - Downloaded http://repo1.maven.org/maven2/org/springframework/spring-context/4.3.9.RELEASE/spring-context-4.3.9.RELEASE.pom
2017-06-30 17:05:18,268 [Worker-3] INFO  o.e.m.c.i.e.AbstractTransferListenerAdapter - Downloading http://repo1.maven.org/maven2/org/springframework/spring-aop/4.3.9.RELEASE/spring-aop-4.3.9.RELEASE.pom
2017-06-30 17:05:18,619 [Worker-3] INFO  o.e.m.c.i.e.AbstractTransferListenerAdapter - Downloaded http://repo1.maven.org/maven2/org/springframework/spring-aop/4.3.9.RELEASE/spring-aop-4.3.9.RELEASE.pom
2017-06-30 17:05:19,133 [Worker-3] INFO  o.e.m.c.i.e.AbstractTransferListenerAdapter - Downloading http://repo1.maven.org/maven2/org/springframework/spring-beans/4.3.9.RELEASE/spring-beans-4.3.9.RELEASE.pom
2017-06-30 17:05:19,548 [Worker-3] INFO  o.e.m.c.i.e.AbstractTransferListenerAdapter - Downloaded http://repo1.maven.org/maven2/org/springframework/spring-beans/4.3.9.RELEASE/spring-beans-4.3.9.RELEASE.pom
2017-06-30 17:05:19,990 [Worker-3] INFO  o.e.m.c.i.e.AbstractTransferListenerAdapter - Downloading http://repo1.maven.org/maven2/org/springframework/spring-core/4.3.9.RELEASE/spring-core-4.3.9.RELEASE.pom
2017-06-30 17:05:20,285 [Worker-3] INFO  o.e.m.c.i.e.AbstractTransferListenerAdapter - Downloaded http://repo1.maven.org/maven2/org/springframework/spring-core/4.3.9.RELEASE/spring-core-4.3.9.RELEASE.pom
2017-06-30 17:05:20,698 [Worker-3] INFO  o.e.m.c.i.e.AbstractTransferListenerAdapter - Downloading http://repo1.maven.org/maven2/commons-logging/commons-logging/1.2/commons-logging-1.2.pom
2017-06-30 17:05:21,161 [Worker-1] INFO  c.g.t.t.d.PublishedGradleVersions - Gradle version information cache is up-to-date. Trying to read.
2017-06-30 17:05:21,237 [Worker-3] INFO  o.e.m.c.i.e.AbstractTransferListenerAdapter - Downloaded http://repo1.maven.org/maven2/commons-logging/commons-logging/1.2/commons-logging-1.2.pom
2017-06-30 17:05:21,546 [Worker-3] INFO  o.e.m.c.i.e.AbstractTransferListenerAdapter - Downloading http://repo1.maven.org/maven2/org/apache/commons/commons-parent/34/commons-parent-34.pom
2017-06-30 17:05:22,167 [Worker-3] INFO  o.e.m.c.i.e.AbstractTransferListenerAdapter - Downloaded http://repo1.maven.org/maven2/org/apache/commons/commons-parent/34/commons-parent-34.pom
2017-06-30 17:05:22,474 [Worker-3] INFO  o.e.m.c.i.e.AbstractTransferListenerAdapter - Downloading http://repo1.maven.org/maven2/org/apache/apache/13/apache-13.pom
2017-06-30 17:05:22,766 [Worker-3] INFO  o.e.m.c.i.e.AbstractTransferListenerAdapter - Downloaded http://repo1.maven.org/maven2/org/apache/apache/13/apache-13.pom
2017-06-30 17:05:23,084 [Worker-3] INFO  o.e.m.c.i.e.AbstractTransferListenerAdapter - Downloading http://repo1.maven.org/maven2/org/springframework/spring-expression/4.3.9.RELEASE/spring-expression-4.3.9.RELEASE.pom
2017-06-30 17:05:23,472 [Worker-3] INFO  o.e.m.c.i.e.AbstractTransferListenerAdapter - Downloaded http://repo1.maven.org/maven2/org/springframework/spring-expression/4.3.9.RELEASE/spring-expression-4.3.9.RELEASE.pom
2017-06-30 17:05:23,757 [Worker-3] INFO  o.e.m.c.i.e.AbstractTransferListenerAdapter - Downloading http://repo1.maven.org/maven2/org/springframework/spring-context/4.3.9.RELEASE/spring-context-4.3.9.RELEASE.jar
2017-06-30 17:05:25,257 [Worker-3] INFO  o.e.m.c.i.e.AbstractTransferListenerAdapter - Downloaded http://repo1.maven.org/maven2/org/springframework/spring-context/4.3.9.RELEASE/spring-context-4.3.9.RELEASE.jar
2017-06-30 17:05:25,574 [Worker-3] INFO  o.e.m.c.i.e.AbstractTransferListenerAdapter - Downloading http://repo1.maven.org/maven2/org/springframework/spring-aop/4.3.9.RELEASE/spring-aop-4.3.9.RELEASE.jar
2017-06-30 17:05:25,880 [Worker-3] INFO  o.e.m.c.i.e.AbstractTransferListenerAdapter - Downloaded http://repo1.maven.org/maven2/org/springframework/spring-aop/4.3.9.RELEASE/spring-aop-4.3.9.RELEASE.jar
2017-06-30 17:05:26,123 [Worker-3] INFO  o.e.m.c.i.e.AbstractTransferListenerAdapter - Downloading http://repo1.maven.org/maven2/org/springframework/spring-beans/4.3.9.RELEASE/spring-beans-4.3.9.RELEASE.jar
2017-06-30 17:05:26,478 [Worker-3] INFO  o.e.m.c.i.e.AbstractTransferListenerAdapter - Downloaded http://repo1.maven.org/maven2/org/springframework/spring-beans/4.3.9.RELEASE/spring-beans-4.3.9.RELEASE.jar
2017-06-30 17:05:26,726 [Worker-3] INFO  o.e.m.c.i.e.AbstractTransferListenerAdapter - Downloading http://repo1.maven.org/maven2/org/springframework/spring-core/4.3.9.RELEASE/spring-core-4.3.9.RELEASE.jar
2017-06-30 17:05:27,128 [Worker-3] INFO  o.e.m.c.i.e.AbstractTransferListenerAdapter - Downloaded http://repo1.maven.org/maven2/org/springframework/spring-core/4.3.9.RELEASE/spring-core-4.3.9.RELEASE.jar
2017-06-30 17:05:27,413 [Worker-3] INFO  o.e.m.c.i.e.AbstractTransferListenerAdapter - Downloading http://repo1.maven.org/maven2/commons-logging/commons-logging/1.2/commons-logging-1.2.jar
2017-06-30 17:05:27,669 [Worker-3] INFO  o.e.m.c.i.e.AbstractTransferListenerAdapter - Downloaded http://repo1.maven.org/maven2/commons-logging/commons-logging/1.2/commons-logging-1.2.jar
2017-06-30 17:05:27,911 [Worker-3] INFO  o.e.m.c.i.e.AbstractTransferListenerAdapter - Downloading http://repo1.maven.org/maven2/org/springframework/spring-expression/4.3.9.RELEASE/spring-expression-4.3.9.RELEASE.jar
2017-06-30 17:05:28,193 [Worker-3] INFO  o.e.m.c.i.e.AbstractTransferListenerAdapter - Downloaded http://repo1.maven.org/maven2/org/springframework/spring-expression/4.3.9.RELEASE/spring-expression-4.3.9.RELEASE.jar
2017-06-30 17:05:30,298 [Worker-12] INFO  o.e.m.c.i.e.AbstractTransferListenerAdapter - Downloaded https://repo.maven.apache.org/maven2/org/apache/maven/plugins/maven-resources-plugin/2.6/maven-resources-plugin-2.6.pom
2017-06-30 17:12:02,382 [Worker-15] INFO  o.e.m.c.i.e.AbstractTransferListenerAdapter - Downloaded https://repo.maven.apache.org/maven2/org/apache/maven/plugins/maven-clean-plugin/2.5/maven-clean-plugin-2.5.jar
2017-06-30 17:12:02,878 [Worker-15] INFO  o.e.m.c.i.e.AbstractTransferListenerAdapter - Downloaded https://repo.maven.apache.org/maven2/org/apache/maven/plugins/maven-resources-plugin/2.6/maven-resources-plugin-2.6.jar
2017-06-30 17:12:03,353 [Worker-15] INFO  o.e.m.c.i.e.AbstractTransferListenerAdapter - Downloaded https://repo.maven.apache.org/maven2/org/apache/maven/plugins/maven-compiler-plugin/3.1/maven-compiler-plugin-3.1.jar
2017-06-30 17:12:03,860 [Worker-15] INFO  o.e.m.c.i.e.AbstractTransferListenerAdapter - Downloaded https://repo.maven.apache.org/maven2/org/apache/maven/plugins/maven-surefire-plugin/2.12.4/maven-surefire-plugin-2.12.4.jar
2017-06-30 17:12:04,311 [Worker-15] INFO  o.e.m.c.i.e.AbstractTransferListenerAdapter - Downloaded https://repo.maven.apache.org/maven2/org/apache/maven/plugins/maven-war-plugin/2.3/maven-war-plugin-2.3.jar
2017-06-30 17:12:04,813 [Worker-15] INFO  o.e.m.c.i.e.AbstractTransferListenerAdapter - Downloaded https://repo.maven.apache.org/maven2/org/apache/maven/plugins/maven-install-plugin/2.4/maven-install-plugin-2.4.jar
2017-06-30 17:12:05,305 [Worker-15] INFO  o.e.m.c.i.e.AbstractTransferListenerAdapter - Downloaded https://repo.maven.apache.org/maven2/org/apache/maven/plugins/maven-deploy-plugin/2.7/maven-deploy-plugin-2.7.jar
2017-06-30 17:12:05,816 [Worker-15] INFO  o.e.m.c.i.e.AbstractTransferListenerAdapter - Downloaded https://repo.maven.apache.org/maven2/org/apache/maven/plugins/maven-site-plugin/3.3/maven-site-plugin-3.3.jar
2017-06-30 17:12:06,328 [Worker-15] INFO  o.e.m.c.i.e.AbstractTransferListenerAdapter - Downloaded https://repo.maven.apache.org/maven2/org/apache/maven/plugins/maven-compiler-plugin/3.1/maven-compiler-plugin-3.1.pom
2017-06-30 17:12:06,351 [Worker-15] INFO  o.e.m.c.i.l.LifecycleMappingFactory - Using org.eclipse.m2e.jdt.JarLifecycleMapping lifecycle mapping for MavenProject: BaseCodeSlice_BankManagementSystem:BaseCodeSlice_BankManagementSystem:0.0.1-SNAPSHOT @ D:\CTS-PROJ\BaseCodeSlice_MyAssessmentApplication\BaseCodeSlice_MyAssessmentApplication\pom.xml.
2017-06-30 17:12:07,007 [Worker-15] INFO  o.e.m.c.i.e.AbstractTransferListenerAdapter - Downloaded https://repo.maven.apache.org/maven2/org/apache/maven/plugins/maven-resources-plugin/2.6/maven-resources-plugin-2.6.pom
2017-06-30 17:13:07,027 [Worker-19] INFO  o.e.m.c.i.p.ProjectConfigurationManager - Update started
2017-06-30 17:13:07,078 [Worker-19] INFO  o.e.m.c.i.l.LifecycleMappingFactory - Using org.eclipse.m2e.jdt.JarLifecycleMapping lifecycle mapping for MavenProject: BaseCodeSlice_BankManagementSystem:BaseCodeSlice_BankManagementSystem:0.0.1-SNAPSHOT @ D:\CTS-PROJ\BaseCodeSlice_MyAssessmentApplication\BaseCodeSlice_MyAssessmentApplication\pom.xml.
2017-06-30 17:13:07,122 [Worker-19] INFO  o.e.m.c.i.p.ProjectConfigurationManager - Update completed: 0 sec
2017-06-30 17:14:04,898 [Worker-15] INFO  o.e.m.i.discovery.MavenDiscovery - No lifecyle mapping found at jar:file:/C:/Users/Praveen/AppData/Local/Temp/RemoteBundleDiscoveryStrategy8766101631806349451.tmp/org.eclipse.m2e.discovery.oss_catalog_1.6.jar_6116375767309031577.jar!/lifecycle%2Forg.eclipse.m2e.discovery.lifecyclemapping.m2e-egit.xml
2017-06-30 17:14:04,899 [Worker-15] WARN  o.e.m.i.discovery.MavenDiscovery - CatalogItem org.eclipse.m2e.discovery.lifecyclemapping.m2e-egit does not contain lifecycle mapping metadata
2017-06-30 17:14:04,901 [Worker-15] INFO  o.e.m.i.discovery.MavenDiscovery - No lifecyle mapping found at jar:file:/C:/Users/Praveen/AppData/Local/Temp/RemoteBundleDiscoveryStrategy8766101631806349451.tmp/org.eclipse.m2e.discovery.oss_catalog_1.6.jar_6116375767309031577.jar!/lifecycle%2Forg.eclipse.m2e.discovery.lifecyclemapping.m2e-subversive.xml
2017-06-30 17:14:04,901 [Worker-15] WARN  o.e.m.i.discovery.MavenDiscovery - CatalogItem org.eclipse.m2e.discovery.lifecyclemapping.m2e-subversive does not contain lifecycle mapping metadata
2017-06-30 17:15:53,124 [Worker-15] INFO  o.e.m.c.i.p.ProjectConfigurationManager - Update started
2017-06-30 17:15:53,180 [Worker-15] INFO  o.e.m.c.i.l.LifecycleMappingFactory - Using org.eclipse.m2e.jdt.JarLifecycleMapping lifecycle mapping for MavenProject: BaseCodeSlice_BankManagementSystem:BaseCodeSlice_BankManagementSystem:0.0.1-SNAPSHOT @ D:\CTS-PROJ\BaseCodeSlice_MyAssessmentApplication\BaseCodeSlice_MyAssessmentApplication\pom.xml.
2017-06-30 17:15:53,204 [Worker-15] INFO  o.e.m.c.i.p.ProjectConfigurationManager - Update completed: 0 sec
